# JRE version: Java(TM) SE Runtime Environment (8.0_172-b11) (build 1.8.0_172-b11)
# Java VM: Java HotSpot(TM) 64-Bit Server VM (25.172-b11 mixed mode windows-amd64 compressed oops)
Heap:
 PSYoungGen      total 43520K, used 2774K [0x00000000f5d80000, 0x00000000f9080000, 0x0000000100000000)
  eden space 34816K, 7% used [0x00000000f5d80000,0x00000000f6035a80,0x00000000f7f80000)
  from space 8704K, 0% used [0x00000000f8800000,0x00000000f8800000,0x00000000f9080000)
  to   space 8704K, 0% used [0x00000000f7f80000,0x00000000f7f80000,0x00000000f8800000)
 ParOldGen       total 22016K, used 11087K [0x00000000e1800000, 0x00000000e2d80000, 0x00000000f5d80000)
  object space 22016K, 50% used [0x00000000e1800000,0x00000000e22d3e88,0x00000000e2d80000)
 Metaspace       used 21943K, capacity 22284K, committed 22448K, reserved 1069056K
  class space    used 2658K, capacity 2780K, committed 2816K, reserved 1048576K
GC Heap History (10 events):
Event: 25.679 GC heap before
{Heap before GC invocations=3 (full 0):
 PSYoungGen      total 9728K, used 9718K [0x00000000f5d80000, 0x00000000f7080000, 0x0000000100000000)
  eden space 8704K, 99% used [0x00000000f5d80000,0x00000000f65fda30,0x00000000f6600000)
  from space 1024K, 100% used [0x00000000f6700000,0x00000000f6800000,0x00000000f6800000)
  to   space 1024K, 0% used [0x00000000f6600000,0x00000000f6600000,0x00000000f6700000)
 ParOldGen       total 22016K, used 1772K [0x00000000e1800000, 0x00000000e2d80000, 0x00000000f5d80000)
  object space 22016K, 8% used [0x00000000e1800000,0x00000000e19bb070,0x00000000e2d80000)
 Metaspace       used 14493K, capacity 14710K, committed 14848K, reserved 1062912K
  class space    used 1881K, capacity 1935K, committed 2048K, reserved 1048576K
Event: 25.765 GC heap after
Heap after GC invocations=3 (full 0):
 PSYoungGen      total 9728K, used 1024K [0x00000000f5d80000, 0x00000000f7080000, 0x0000000100000000)
  eden space 8704K, 0% used [0x00000000f5d80000,0x00000000f5d80000,0x00000000f6600000)
  from space 1024K, 100% used [0x00000000f6600000,0x00000000f6700000,0x00000000f6700000)
  to   space 1024K, 0% used [0x00000000f6f80000,0x00000000f6f80000,0x00000000f7080000)
 ParOldGen       total 22016K, used 10162K [0x00000000e1800000, 0x00000000e2d80000, 0x00000000f5d80000)
  object space 22016K, 46% used [0x00000000e1800000,0x00000000e21ec8f0,0x00000000e2d80000)
 Metaspace       used 14493K, capacity 14710K, committed 14848K, reserved 1062912K
  class space    used 1881K, capacity 1935K, committed 2048K, reserved 1048576K
}
Event: 72.810 GC heap before
{Heap before GC invocations=4 (full 0):
 PSYoungGen      total 9728K, used 9728K [0x00000000f5d80000, 0x00000000f7080000, 0x0000000100000000)
  eden space 8704K, 100% used [0x00000000f5d80000,0x00000000f6600000,0x00000000f6600000)
  from space 1024K, 100% used [0x00000000f6600000,0x00000000f6700000,0x00000000f6700000)
  to   space 1024K, 0% used [0x00000000f6f80000,0x00000000f6f80000,0x00000000f7080000)
 ParOldGen       total 22016K, used 10162K [0x00000000e1800000, 0x00000000e2d80000, 0x00000000f5d80000)
  object space 22016K, 46% used [0x00000000e1800000,0x00000000e21ec8f0,0x00000000e2d80000)
 Metaspace       used 14719K, capacity 14966K, committed 15104K, reserved 1062912K
  class space    used 1881K, capacity 1935K, committed 2048K, reserved 1048576K
Event: 72.840 GC heap after
Heap after GC invocations=4 (full 0):
 PSYoungGen      total 18432K, used 1024K [0x00000000f5d80000, 0x00000000f7080000, 0x0000000100000000)
  eden space 17408K, 0% used [0x00000000f5d80000,0x00000000f5d80000,0x00000000f6e80000)
  from space 1024K, 100% used [0x00000000f6f80000,0x00000000f7080000,0x00000000f7080000)
  to   space 1024K, 0% used [0x00000000f6e80000,0x00000000f6e80000,0x00000000f6f80000)
 ParOldGen       total 22016K, used 10250K [0x00000000e1800000, 0x00000000e2d80000, 0x00000000f5d80000)
  object space 22016K, 46% used [0x00000000e1800000,0x00000000e22028f0,0x00000000e2d80000)
 Metaspace       used 14719K, capacity 14966K, committed 15104K, reserved 1062912K
  class space    used 1881K, capacity 1935K, committed 2048K, reserved 1048576K
}
Event: 109.761 GC heap before
{Heap before GC invocations=5 (full 0):
 PSYoungGen      total 18432K, used 18432K [0x00000000f5d80000, 0x00000000f7080000, 0x0000000100000000)
  eden space 17408K, 100% used [0x00000000f5d80000,0x00000000f6e80000,0x00000000f6e80000)
  from space 1024K, 100% used [0x00000000f6f80000,0x00000000f7080000,0x00000000f7080000)
  to   space 1024K, 0% used [0x00000000f6e80000,0x00000000f6e80000,0x00000000f6f80000)
 ParOldGen       total 22016K, used 10250K [0x00000000e1800000, 0x00000000e2d80000, 0x00000000f5d80000)
  object space 22016K, 46% used [0x00000000e1800000,0x00000000e22028f0,0x00000000e2d80000)
 Metaspace       used 17693K, capacity 17968K, committed 18176K, reserved 1064960K
  class space    used 2164K, capacity 2248K, committed 2304K, reserved 1048576K
Event: 109.776 GC heap after
Heap after GC invocations=5 (full 0):
 PSYoungGen      total 18432K, used 1014K [0x00000000f5d80000, 0x00000000f9080000, 0x0000000100000000)
  eden space 17408K, 0% used [0x00000000f5d80000,0x00000000f5d80000,0x00000000f6e80000)
  from space 1024K, 99% used [0x00000000f6e80000,0x00000000f6f7d840,0x00000000f6f80000)
  to   space 8704K, 0% used [0x00000000f8800000,0x00000000f8800000,0x00000000f9080000)
 ParOldGen       total 22016K, used 12227K [0x00000000e1800000, 0x00000000e2d80000, 0x00000000f5d80000)
  object space 22016K, 55% used [0x00000000e1800000,0x00000000e23f0de0,0x00000000e2d80000)
 Metaspace       used 17693K, capacity 17968K, committed 18176K, reserved 1064960K
  class space    used 2164K, capacity 2248K, committed 2304K, reserved 1048576K
}
Event: 112.039 GC heap before
{Heap before GC invocations=6 (full 0):
 PSYoungGen      total 18432K, used 17547K [0x00000000f5d80000, 0x00000000f9080000, 0x0000000100000000)
  eden space 17408K, 94% used [0x00000000f5d80000,0x00000000f6da56e0,0x00000000f6e80000)
  from space 1024K, 99% used [0x00000000f6e80000,0x00000000f6f7d840,0x00000000f6f80000)
  to   space 8704K, 0% used [0x00000000f8800000,0x00000000f8800000,0x00000000f9080000)
 ParOldGen       total 22016K, used 12227K [0x00000000e1800000, 0x00000000e2d80000, 0x00000000f5d80000)
  object space 22016K, 55% used [0x00000000e1800000,0x00000000e23f0de0,0x00000000e2d80000)
 Metaspace       used 20799K, capacity 21072K, committed 21296K, reserved 1069056K
  class space    used 2502K, capacity 2614K, committed 2688K, reserved 1048576K
Event: 112.063 GC heap after
Heap after GC invocations=6 (full 0):
 PSYoungGen      total 43520K, used 5231K [0x00000000f5d80000, 0x00000000f9080000, 0x0000000100000000)
  eden space 34816K, 0% used [0x00000000f5d80000,0x00000000f5d80000,0x00000000f7f80000)
  from space 8704K, 60% used [0x00000000f8800000,0x00000000f8d1be78,0x00000000f9080000)
  to   space 8704K, 0% used [0x00000000f7f80000,0x00000000f7f80000,0x00000000f8800000)
 ParOldGen       total 22016K, used 12235K [0x00000000e1800000, 0x00000000e2d80000, 0x00000000f5d80000)
  object space 22016K, 55% used [0x00000000e1800000,0x00000000e23f2de0,0x00000000e2d80000)
 Metaspace       used 20799K, capacity 21072K, committed 21296K, reserved 1069056K
  class space    used 2502K, capacity 2614K, committed 2688K, reserved 1048576K
}
Event: 112.064 GC heap before
{Heap before GC invocations=7 (full 1):
 PSYoungGen      total 43520K, used 5231K [0x00000000f5d80000, 0x00000000f9080000, 0x0000000100000000)
  eden space 34816K, 0% used [0x00000000f5d80000,0x00000000f5d80000,0x00000000f7f80000)
  from space 8704K, 60% used [0x00000000f8800000,0x00000000f8d1be78,0x00000000f9080000)
  to   space 8704K, 0% used [0x00000000f7f80000,0x00000000f7f80000,0x00000000f8800000)
 ParOldGen       total 22016K, used 12235K [0x00000000e1800000, 0x00000000e2d80000, 0x00000000f5d80000)
  object space 22016K, 55% used [0x00000000e1800000,0x00000000e23f2de0,0x00000000e2d80000)
 Metaspace       used 20799K, capacity 21072K, committed 21296K, reserved 1069056K
  class space    used 2502K, capacity 2614K, committed 2688K, reserved 1048576K
Event: 112.233 GC heap after
Heap after GC invocations=7 (full 1):
 PSYoungGen      total 43520K, used 0K [0x00000000f5d80000, 0x00000000f9080000, 0x0000000100000000)
  eden space 34816K, 0% used [0x00000000f5d80000,0x00000000f5d80000,0x00000000f7f80000)
  from space 8704K, 0% used [0x00000000f8800000,0x00000000f8800000,0x00000000f9080000)
  to   space 8704K, 0% used [0x00000000f7f80000,0x00000000f7f80000,0x00000000f8800000)
 ParOldGen       total 22016K, used 11087K [0x00000000e1800000, 0x00000000e2d80000, 0x00000000f5d80000)
  object space 22016K, 50% used [0x00000000e1800000,0x00000000e22d3e88,0x00000000e2d80000)
 Metaspace       used 20799K, capacity 21072K, committed 21296K, reserved 1069056K
  class space    used 2502K, capacity 2614K, committed 2688K, reserved 1048576K
}

