# JRE version: Java(TM) SE Runtime Environment (8.0_172-b11) (build 1.8.0_172-b11)
# Java VM: Java HotSpot(TM) 64-Bit Server VM (25.172-b11 mixed mode windows-amd64 compressed oops)
Heap:
 PSYoungGen      total 9728K, used 2326K [0x00000000f5d80000, 0x00000000f6800000, 0x0000000100000000)
  eden space 8704K, 14% used [0x00000000f5d80000,0x00000000f5ec5b98,0x00000000f6600000)
  from space 1024K, 100% used [0x00000000f6700000,0x00000000f6800000,0x00000000f6800000)
  to   space 1024K, 0% used [0x00000000f6600000,0x00000000f6600000,0x00000000f6700000)
 ParOldGen       total 22016K, used 1760K [0x00000000e1800000, 0x00000000e2d80000, 0x00000000f5d80000)
  object space 22016K, 7% used [0x00000000e1800000,0x00000000e19b8050,0x00000000e2d80000)
 Metaspace       used 13028K, capacity 13190K, committed 13312K, reserved 1060864K
  class space    used 1717K, capacity 1771K, committed 1792K, reserved 1048576K
GC Heap History (4 events):
Event: 7.475 GC heap before
{Heap before GC invocations=1 (full 0):
 PSYoungGen      total 9728K, used 8704K [0x00000000f5d80000, 0x00000000f6800000, 0x0000000100000000)
  eden space 8704K, 100% used [0x00000000f5d80000,0x00000000f6600000,0x00000000f6600000)
  from space 1024K, 0% used [0x00000000f6700000,0x00000000f6700000,0x00000000f6800000)
  to   space 1024K, 0% used [0x00000000f6600000,0x00000000f6600000,0x00000000f6700000)
 ParOldGen       total 22016K, used 0K [0x00000000e1800000, 0x00000000e2d80000, 0x00000000f5d80000)
  object space 22016K, 0% used [0x00000000e1800000,0x00000000e1800000,0x00000000e2d80000)
 Metaspace       used 12402K, capacity 12602K, committed 12800K, reserved 1060864K
  class space    used 1632K, capacity 1705K, committed 1792K, reserved 1048576K
Event: 7.499 GC heap after
Heap after GC invocations=1 (full 0):
 PSYoungGen      total 9728K, used 1024K [0x00000000f5d80000, 0x00000000f6800000, 0x0000000100000000)
  eden space 8704K, 0% used [0x00000000f5d80000,0x00000000f5d80000,0x00000000f6600000)
  from space 1024K, 100% used [0x00000000f6600000,0x00000000f6700000,0x00000000f6700000)
  to   space 1024K, 0% used [0x00000000f6700000,0x00000000f6700000,0x00000000f6800000)
 ParOldGen       total 22016K, used 1408K [0x00000000e1800000, 0x00000000e2d80000, 0x00000000f5d80000)
  object space 22016K, 6% used [0x00000000e1800000,0x00000000e1960050,0x00000000e2d80000)
 Metaspace       used 12402K, capacity 12602K, committed 12800K, reserved 1060864K
  class space    used 1632K, capacity 1705K, committed 1792K, reserved 1048576K
}
Event: 8.074 GC heap before
{Heap before GC invocations=2 (full 0):
 PSYoungGen      total 9728K, used 9728K [0x00000000f5d80000, 0x00000000f6800000, 0x0000000100000000)
  eden space 8704K, 100% used [0x00000000f5d80000,0x00000000f6600000,0x00000000f6600000)
  from space 1024K, 100% used [0x00000000f6600000,0x00000000f6700000,0x00000000f6700000)
  to   space 1024K, 0% used [0x00000000f6700000,0x00000000f6700000,0x00000000f6800000)
 ParOldGen       total 22016K, used 1408K [0x00000000e1800000, 0x00000000e2d80000, 0x00000000f5d80000)
  object space 22016K, 6% used [0x00000000e1800000,0x00000000e1960050,0x00000000e2d80000)
 Metaspace       used 12531K, capacity 12730K, committed 13056K, reserved 1060864K
  class space    used 1645K, capacity 1705K, committed 1792K, reserved 1048576K
Event: 8.083 GC heap after
Heap after GC invocations=2 (full 0):
 PSYoungGen      total 9728K, used 1024K [0x00000000f5d80000, 0x00000000f6800000, 0x0000000100000000)
  eden space 8704K, 0% used [0x00000000f5d80000,0x00000000f5d80000,0x00000000f6600000)
  from space 1024K, 100% used [0x00000000f6700000,0x00000000f6800000,0x00000000f6800000)
  to   space 1024K, 0% used [0x00000000f6600000,0x00000000f6600000,0x00000000f6700000)
 ParOldGen       total 22016K, used 1760K [0x00000000e1800000, 0x00000000e2d80000, 0x00000000f5d80000)
  object space 22016K, 7% used [0x00000000e1800000,0x00000000e19b8050,0x00000000e2d80000)
 Metaspace       used 12531K, capacity 12730K, committed 13056K, reserved 1060864K
  class space    used 1645K, capacity 1705K, committed 1792K, reserved 1048576K
}

